<?xml version="1.0" encoding="UTF-8" ?>
<testsuites>
  <testsuite errors="1" failures="0" hostname="10.10.10.197" id="0" name="framework" package="mxunit" tests="291" time="12.672" timestamp="01/04/12 3:03:53 PM">
    <properties>
[...]
</properties>
    <testcase classname="mxunit.tests.framework.AssertDecoratorTest" name="testAddHamcrestDecorator" time="0" />
    <testcase classname="mxunit.tests.framework.AssertDecoratorTest" name="testaddAssertDecorators" time="0" />
    <testcase classname="mxunit.tests.framework.AssertDecoratorTest" name="testMXUnitExtensionsAdded" time="0.016" />
    <testcase classname="mxunit.tests.framework.AssertDecoratorTest" name="testAddFixtureDecorator" time="0" />
    <testcase classname="mxunit.tests.framework.AssertDecoratorTest" name="testAddAssertionExtensionTemplate" time="0.015" />
    <testcase classname="mxunit.tests.framework.AssertionChainingTest" name="testAssertMethodChainAndPrint" time="0" />
    <testcase classname="mxunit.tests.framework.AssertSameTest" name="testAssertNotSame" time="0" />
    <testcase classname="mxunit.tests.framework.AssertSameTest" name="testAssertSame" time="0" />
    <testcase classname="mxunit.tests.framework.AssertSameTest" name="testIdentityHashCodes" time="0.016" />
    <testcase classname="mxunit.tests.framework.AssertSameTest" name="testHashEquals" time="0" />
    <testcase classname="mxunit.tests.framework.AssertSameTest" name="testGetHashCode" time="0" />
    <testcase classname="mxunit.tests.framework.AssertSameTest" name="testAssertNotSameArray" time="0" />
    <testcase classname="mxunit.tests.framework.AssertSameTest" name="testThrowWrapper" time="0" />
    <testcase classname="mxunit.tests.framework.AssertSameTest" name="testAssertSameArray" time="0" />
    <testcase classname="mxunit.tests.framework.AssertTest" name="testNormalizeArgumentsCFUnitTrue" time="0" />
    <testcase classname="mxunit.tests.framework.AssertTest" name="testAssertEqualsCFUnitFailure" time="0" />
    <testcase classname="mxunit.tests.framework.AssertTest" name="testNormalizeArgumentsDefaultXMLDoc" time="0.016" />
    <testcase classname="mxunit.tests.framework.AssertTest" name="testFailNotEquals" time="0" />
    <testcase classname="mxunit.tests.framework.AssertTest" name="assertEquals_fails_for_longer_expected_array" time="0" />
    <testcase classname="mxunit.tests.framework.AssertTest" name="testAssertFailures" time="0" />
    <testcase classname="mxunit.tests.framework.AssertTest" name="testAssertEqualsCaseShouldPassOnSameStrings" time="0" />
    <testcase classname="mxunit.tests.framework.AssertTest" name="testAssertEqualsNumbersFailures" time="0.016" />
    <testcase classname="mxunit.tests.framework.AssertTest" name="whenAssertEqualsPassesExpectedAndActualValuesShouldBeEmpty" time="0" />
    <testcase classname="mxunit.tests.framework.AssertTest" name="testNormalizeArgumentsCFUnitEquals" time="0" />
    <testcase classname="mxunit.tests.framework.AssertTest" name="assertEquals_passes_for_array_with_matching_arrays" time="0.015" />
    <testcase classname="mxunit.tests.framework.AssertTest" name="testFailEqualsCFUnit" time="0" />
    <testcase classname="mxunit.tests.framework.AssertTest" name="testAssertEqualsCaseShouldFailOnDifferentCasedStrings" time="0" />
    <testcase classname="mxunit.tests.framework.AssertTest" name="whenAssertEqualsFailsForStringsExpectedAndActualValuesShouldBePopulated" time="0" />
    <testcase classname="mxunit.tests.framework.AssertTest" name="testFailEquals" time="0" />
    <testcase classname="mxunit.tests.framework.AssertTest" name="assertQueryEquals_fails_for_mismatching_queries" time="0.016" />
    <testcase classname="mxunit.tests.framework.AssertTest" name="testAssertEqualsStructsDeepComparison" time="0.047" />
    <testcase classname="mxunit.tests.framework.AssertTest" name="assertEquals_passes_for_matching_arrays" time="0" />
    <testcase classname="mxunit.tests.framework.AssertTest" name="assertStructEquals_fails_for_mismatching_simple_structs" time="0" />
    <testcase classname="mxunit.tests.framework.AssertTest" name="assertEquals_passes_for_array_with_matching_structs" time="0" />
    <testcase classname="mxunit.tests.framework.AssertTest" name="testAssertEqualsStringsFailures" time="0.015" />
    <testcase classname="mxunit.tests.framework.AssertTest" name="testAssertTrue" time="0" />
    <testcase classname="mxunit.tests.framework.AssertTest" name="assertStructEquals_succeeds_for_matching_nested_structs_with_different_key_case" time="0" />
    <testcase classname="mxunit.tests.framework.AssertTest" name="testNormalizeArgumentsDefaultEmptyArray" time="0.016" />
    <testcase classname="mxunit.tests.framework.AssertTest" name="assertEquals_fails_for_array_with_mismatching_arrays" time="0" />
    <testcase classname="mxunit.tests.framework.AssertTest" name="assertEquals_passes_for_array_with_matching_queries" time="0" />
    <testcase classname="mxunit.tests.framework.AssertTest" name="testAssertEqualsNumbers" time="0.016" />
    <testcase classname="mxunit.tests.framework.AssertTest" name="testAssertFalseFailure" time="0" />
    <testcase classname="mxunit.tests.framework.AssertTest" name="testDoubleHashError" time="0" />
    <testcase classname="mxunit.tests.framework.AssertTest" name="assertEquals_fails_for_longer_actual_array" time="0" />
    <testcase classname="mxunit.tests.framework.AssertTest" name="assertEquals_fails_for_array_with_mismatching_structs" time="0.015" />
    <testcase classname="mxunit.tests.framework.AssertTest" name="testFailure" time="0" />
    <testcase classname="mxunit.tests.framework.AssertTest" name="testNormalizeArgumentsDefaultTrue" time="0" />
    <testcase classname="mxunit.tests.framework.AssertTest" name="assertEquals_fails_for_array_with_mismatching_queries" time="0.016" />
    <testcase classname="mxunit.tests.framework.AssertTest" name="assertQueryEquals_succeeds_for_equal_queries" time="0" />
    <testcase classname="mxunit.tests.framework.AssertTest" name="testAssertEqualsStructsFailures" time="0" />
    <testcase classname="mxunit.tests.framework.AssertTest" name="testFailNotEqualsCFUnit" time="0.015" />
    <testcase classname="mxunit.tests.framework.AssertTest" name="testGetStringValue" time="0" />
    <testcase classname="mxunit.tests.framework.AssertTest" name="testAssert" time="0" />
    <testcase classname="mxunit.tests.framework.AssertTest" name="failNotEqualsShouldAllowInvalidXMLCharsInActual" time="0.016" />
    <testcase classname="mxunit.tests.framework.AssertTest" name="testAssertEqualsStructs" time="0" />
    <testcase classname="mxunit.tests.framework.AssertTest" name="assertStructEquals_succeeds_for_matching_nested_structs" time="0" />
    <testcase classname="mxunit.tests.framework.AssertTest" name="testNormalizeArgumentsDefaultEquals" time="0" />
    <testcase classname="mxunit.tests.framework.AssertTest" name="testAssertFalse" time="0.016" />
    <testcase classname="mxunit.tests.framework.AssertTest" name="testAssertEquals" time="0" />
    <testcase classname="mxunit.tests.framework.AssertTest" name="testAssertEqualsStrings" time="0" />
    <testcase classname="mxunit.tests.framework.AssertTest" name="assertStructEquals_fails_for_mismatching_nested_structs" time="0.015" />
    <testcase classname="mxunit.tests.framework.ComponentBlenderTest" name="mixedInPropertyIsOverwritten" time="0" />
    <testcase classname="mxunit.tests.framework.ComponentBlenderTest" name="testMixinAll" time="0" />
    <testcase classname="mxunit.tests.framework.ComponentBlenderTest" name="testMixinPropertyInstanceScope" time="0" />
    <testcase classname="mxunit.tests.framework.ComponentBlenderTest" name="testMixin" time="0.016" />
    <testcase classname="mxunit.tests.framework.ComponentBlenderTest" name="testIsComponentVariableDefinedCallingFromMyself" time="0" />
    <testcase classname="mxunit.tests.framework.ComponentBlenderTest" name="testGetComponentVariables" time="0" />
    <testcase classname="mxunit.tests.framework.ComponentBlenderTest" name="testMixinPropertyDefaultScopes" time="0" />
    <testcase classname="mxunit.tests.framework.ComponentBlenderTest" name="testIsComponentVariableDefined" time="0" />
    <testcase classname="mxunit.tests.framework.ComponentBlenderTest" name="testMixinPrivate" time="0" />
    <testcase classname="mxunit.tests.framework.ComponentBlenderTest" name="testCauseAFailure" time="0.015" />
    <testcase classname="mxunit.tests.framework.ComponentUtilsTest" name="testGetComponentRoot" time="0.031" />
    <testcase classname="mxunit.tests.framework.ComponentUtilsTest" name="testGetComponentRootWhenGetMetaDataNameIsComponentUtils" time="0" />
    <testcase classname="mxunit.tests.framework.ComponentUtilsTest" name="testIsFrameworkTemplate" time="0" />
    <testcase classname="mxunit.tests.framework.ComponentUtilsTest" name="testGetComponentRootWhenGetMetaDataNameIsNull" time="0.016" />
    <testcase classname="mxunit.tests.framework.ComponentUtilsTest" name="testGetContextRootPath" time="0" />
    <testcase classname="mxunit.tests.framework.ComponentUtilsTest" name="testHasJ2EEContext" time="0" />
    <testcase classname="mxunit.tests.framework.ComponentUtilsTest" name="testGetInstallRoot" time="0" />
    <testcase classname="mxunit.tests.framework.ComponentUtilsTest" name="testIsCfc" time="0.015" />
    <testcase classname="mxunit.tests.framework.ComponentUtilsTest" name="getMockFactoryInfoReturnsExplicitFactorInfo" time="0" />
    <testcase classname="mxunit.tests.framework.ComponentUtilsTest" name="testGetContextRootComponent" time="0" />
    <testcase classname="mxunit.tests.framework.ComponentUtilsTest" name="testGetComponentRootWhenGetMetaDataNameIsDot" time="0.016" />
    <testcase classname="mxunit.tests.framework.ComponentUtilsTest" name="testGetSeparator" time="0" />
    <testcase classname="mxunit.tests.framework.ComponentUtilsTest" name="testThatGetComponentRootImplementsOverrideOfMxunitConfigXml" time="0" />
    <testcase classname="mxunit.tests.framework.ComponentUtilsTest" name="getMockFactoryInfoReturnsMMInfoAsDefault" time="0.016" />
    <testcase classname="mxunit.tests.framework.ConfigManagerTest" name="testGetConfigElement" time="0.031" />
    <testcase classname="mxunit.tests.framework.ConfigManagerTest" name="testGetConfigElements" time="0" />
    <testcase classname="mxunit.tests.framework.ConfigManagerTest" name="testGetConfigElementValue" time="0.016" />
    <testcase classname="mxunit.tests.framework.ConfigManagerTest" name="testGetConfigElementAttributeCollection" time="0" />
    <testcase classname="mxunit.tests.framework.ConfigManagerTest" name="testGetVersion" time="0.016" />
    <testcase classname="mxunit.tests.framework.CSVUtilityTest" name="readCSV_Should_ReturnQueryWithHeaderRow_WhenHeaderExists" time="0" />
    <testcase classname="mxunit.tests.framework.CSVUtilityTest" name="readCSV_Should_ReturnQueryWithDerivedHeaderRow_WhenNoHeader" time="0.047" />
    <testcase classname="mxunit.tests.framework.CSVUtilityTest" name="readCSVToArray_Should_Return2DArray" time="0" />
    <testcase classname="mxunit.tests.framework.DataProviderTest" name="CSVToArray_Should_Create2DArrayForDataProvider" time="0.031" />
    <testcase classname="mxunit.tests.framework.DataProviderTest" name="poiUtilityShouldBeAccessibleForAllTests" time="0.031" />
    <testcase classname="mxunit.tests.framework.DataProviderTest" name="ExcelToArray_Should_Create2DArrayForDataProvider" time="0" />
    <testcase classname="mxunit.tests.framework.DataProviderTest" name="dataProviderShouldRunExcelFileAsQuery" time="0.047" />
    <testcase classname="mxunit.tests.framework.DataProviderTest" name="shouldIterateOverQueryAndExecCUTDouble" time="0.016" />
    <testcase classname="mxunit.tests.framework.DataProviderTest" name="dataproviderShouldAccept2DArrays" time="0" />
    <testcase classname="mxunit.tests.framework.DataProviderTest" name="invalidReferenceShouldThrowException" time="0" />
    <testcase classname="mxunit.tests.framework.DataProviderTest" name="dataproviderShouldIterateOverStringArray" time="0.015" />
    <testcase classname="mxunit.tests.framework.DataProviderTest" name="dataproviderShouldAcceptArrays" time="0.016" />
    <testcase classname="mxunit.tests.framework.DataProviderTest" name="dataproviderShouldAcceptSimpleValueForNumericLoops" time="0.047" />
    <testcase classname="mxunit.tests.framework.DataProviderTest" name="dataproviderShouldAcceptStructs" time="0" />
    <testcase classname="mxunit.tests.framework.DataProviderTest" name="threaLocalTest" time="0.031" />
    <testcase classname="mxunit.tests.framework.DataProviderTest" name="dataProviderShouldRunCSVFileAsQuery" time="0" />
    <testcase classname="mxunit.tests.framework.DataProviderTest" name="peepQueryMD" time="0" />
    <testcase classname="mxunit.tests.framework.DataProviderTest" name="scopePeeping" time="0.031" />
    <testcase classname="mxunit.tests.framework.DataProviderTest" name="methodPeep" time="0.016" />
    <testcase classname="mxunit.tests.framework.DataProviderTest" name="dataproviderShouldIterateOverList" time="0.016" />
    <testcase classname="mxunit.tests.framework.DataProviderTest" name="dataproviderShouldAcceptSimpleNumericVariablesForLoops" time="0.031" />
    <testcase classname="mxunit.tests.framework.ExpectedExceptionTest" name="expectedExceptionTestUsingScriptMethodAndSingleName" time="0" />
    <testcase classname="mxunit.tests.framework.ExpectedExceptionTest" name="expectedMXUnitFailureShouldNotBeThrownAfterCaughtCustomException" time="0" />
    <testcase classname="mxunit.tests.framework.ExpectedExceptionTest" name="suiteOfExpectedExceptionsShouldReportFailures" time="0.11" />
    <testcase classname="mxunit.tests.framework.ExpectedExceptionTest" name="testThrowExceptionWithPackageNotationUsingAnnotation" time="0" />
    <testcase classname="mxunit.tests.framework.ExpectedExceptionTest" name="testThrowSingleEntryNameExceptionUsingAnnotation" time="0" />
    <testcase classname="mxunit.tests.framework.ExpectedExceptionTest" name="expectedSQLExceptionShouldBeCaught" time="0.171" />
    <testcase classname="mxunit.tests.framework.ExpectedExceptionTest" name="oldSkoolBasicError" time="0" />
    <testcase classname="mxunit.tests.framework.ExpectedExceptionTest" name="expectedExceptionTestUsingScriptMethodAndPackageNotation" time="0" />
    <testcase classname="mxunit.tests.framework.ExpectedExceptionTest" name="expectedExpressionExceptionShouldBeCaught" time="0.016" />
    <testcase classname="mxunit.tests.framework.ExpectedExceptionTest" name="makeSureFailureHappensAndOldStyleWorks" time="0" />
    <testcase classname="mxunit.tests.framework.ExpectedExceptionTest" name="listOfExpectedExceptionsShouldBeCaught" time="0" />
    <testcase classname="mxunit.tests.framework.ExpectedExceptionTest" name="shouldCatchMissingArgumentException" time="0" />
    <testcase classname="mxunit.tests.framework.ExpectedExceptionTest" name="expectedExceptionShouldSetPropertyInTestCase" time="0" />
    <testcase classname="mxunit.tests.framework.HamcrestMatcherTest" name="testSomethingElse" time="0.047" />
    <testcase classname="mxunit.tests.framework.HamcrestMatcherTest" name="testSomething" time="0" />
    <testcase classname="mxunit.tests.framework.HamcrestMatcherTest" name="testSomethingElse2" time="0" />
    <testcase classname="mxunit.tests.framework.HamcrestTest" name="testIsEqualTo" time="0.016" />
    <testcase classname="mxunit.tests.framework.HamcrestTest" name="testContainsTheString" time="0.015" />
    <testcase classname="mxunit.tests.framework.HtmlTestResultTest" name="testContainsAtLeastOneScript" time="0" />
    <testcase classname="mxunit.tests.framework.HtmlTestResultTest" name="testContainsAtLeastOneStylesheet" time="0" />
    <testcase classname="mxunit.tests.framework.HtmlTestResultTest" name="testContainsTitleTag" time="0" />
    <testcase classname="mxunit.tests.framework.MockIntegrationTest" name="notinstalledColdMockShouldThrowNotInstalledException2" time="0.39" />
    <testcase classname="mxunit.tests.framework.MockIntegrationTest" name="getMockFactoryIsInvokedOnce" time="0.047" />
    <testcase classname="mxunit.tests.framework.MockIntegrationTest" name="getMockFactoryReturnsMightyMockByDefault" time="0.063" />
    <testcase classname="mxunit.tests.framework.MockIntegrationTest" name="notinstalledMockFrameworkShouldThrowNotInstalledException" time="0.047" />
    <testcase classname="mxunit.tests.framework.MockIntegrationTest" name="mockWithActualObjectShouldCreateTypeSafeMightyMockObject" time="0.062" />
    <testcase classname="mxunit.tests.framework.MockIntegrationTest" name="mockExplicitFastShouldReturnFastMightyMockObject" time="0.063" />
    <testcase classname="mxunit.tests.framework.MockIntegrationTest" name="mockNoNameShouldReturnMightyMockObject" time="0.062" />
    <testcase classname="mxunit.tests.framework.MockIntegrationTest" name="notinstalledMockBoxShouldThrowNotInstalledException" time="0.047" />
    <testcase classname="mxunit.tests.framework.MockIntegrationTest" name="mockWithTypeSafeShouldCreateTypeSafeMightyMockObject" time="0.172" />
    <testcase classname="mxunit.tests.framework.MockIntegrationTest" name="mockWithPartialShouldThrow" time="0.047" />
    <testcase classname="mxunit.tests.framework.MockIntegrationTest" name="$getMM" time="0.062" />
    <testcase classname="mxunit.tests.framework.MockIntegrationTest" name="notregisteredMockFrameworkShouldThrowNotResgiteredException" time="0.063" />
    <testcase classname="mxunit.tests.framework.MockIntegrationTest" name="notinstalledMockBoxShouldThrowNotInstalledException2" time="0.047" />
    <testcase classname="mxunit.tests.framework.MockIntegrationTest" name="emptyConstructorShouldGenerateMM" time="0.062" />
    <testcase classname="mxunit.tests.framework.MockIntegrationTest" name="mockWithNameShouldReturnNamedMightyMockObject" time="0.047" />
    <testcase classname="mxunit.tests.framework.MXUnitAssertionExtensionsTest" name="testAssertIsTypeOf" time="0.015" />
    <testcase classname="mxunit.tests.framework.MXUnitAssertionExtensionsTest" name="testAssertIsXMLDoc" time="0" />
    <testcase classname="mxunit.tests.framework.MXUnitAssertionExtensionsTest" name="assertIsExactTypePassesForExactType" time="0" />
    <testcase classname="mxunit.tests.framework.MXUnitAssertionExtensionsTest" name="testAssertIsEmptyStruct" time="0.016" />
    <testcase classname="mxunit.tests.framework.MXUnitAssertionExtensionsTest" name="assertIsTypeOfFailsForBogusType" time="0" />
    <testcase classname="mxunit.tests.framework.MXUnitAssertionExtensionsTest" name="testAssertEqualsWithTolerance" time="0" />
    <testcase classname="mxunit.tests.framework.MXUnitAssertionExtensionsTest" name="testAssertIsQuery" time="0" />
    <testcase classname="mxunit.tests.framework.MXUnitAssertionExtensionsTest" name="testAssertIsArray" time="0" />
    <testcase classname="mxunit.tests.framework.MXUnitAssertionExtensionsTest" name="assertIsTypeOfPassesForCompleteAncestry" time="0.015" />
    <testcase classname="mxunit.tests.framework.MXUnitAssertionExtensionsTest" name="assertIsExactTypeOfFailsForSuperclass" time="0" />
    <testcase classname="mxunit.tests.framework.MXUnitAssertionExtensionsTest" name="testAssertIsDefined" time="0" />
    <testcase classname="mxunit.tests.framework.MXUnitAssertionExtensionsTest" name="testAssertIsEmpty" time="0" />
    <testcase classname="mxunit.tests.framework.MXUnitAssertionExtensionsTest" name="testAssertIsStruct" time="0" />
    <testcase classname="mxunit.tests.framework.MXUnitAssertionExtensionsTest" name="testAssertIsEmptyQuery" time="0.016" />
    <testcase classname="mxunit.tests.framework.MXUnitAssertionExtensionsTest" name="assertIsTypeOfFailsForIncorrectType" time="0" />
    <testcase classname="mxunit.tests.framework.MXUnitAssertionExtensionsTest" name="assertIsTypeOfPassesForInterfaces" time="0.031" />
    <testcase classname="mxunit.tests.framework.MXUnitAssertionExtensionsTest" name="testAssertIsEmptyArray" time="0.016" />
    <testcase classname="mxunit.tests.framework.PublicProxyMakerTest" name="testMakePublicNonExistentMethod" time="0.046" />
    <testcase classname="mxunit.tests.framework.PublicProxyMakerTest" name="testMakePublicNoArgMethod" time="0.016" />
    <testcase classname="mxunit.tests.framework.PublicProxyMakerTest" name="testMakePublicArray" time="0.016" />
    <testcase classname="mxunit.tests.framework.PublicProxyMakerTest" name="testMakePublicArray2" time="0.015" />
    <testcase classname="mxunit.tests.framework.PublicProxyMakerTest" name="testMakePublicNamedArgsAndNamedPublicMethod" time="0.032" />
    <testcase classname="mxunit.tests.framework.PublicProxyMakerTest" name="testMakePublicAllArgsPassed" time="0.015" />
    <testcase classname="mxunit.tests.framework.PublicProxyMakerTest" name="testMakePublicObjectWithInit" time="0.016" />
    <testcase classname="mxunit.tests.framework.PublicProxyMakerTest" name="testMakePublicObjectNoArg" time="0.015" />
    <testcase classname="mxunit.tests.framework.PublicProxyMakerTest" name="testMakePublicObjectVoid" time="0.016" />
    <testcase classname="mxunit.tests.framework.PublicProxyMakerTest" name="testMakePublicArgDefault" time="0.016" />
    <testcase classname="mxunit.tests.framework.PublicProxyMakerTest" name="testMakePublicSuperClassMethod" time="0.015" />
    <testcase classname="mxunit.tests.framework.PublicProxyMakerTest" name="testSanity" time="0" />
    <testcase classname="mxunit.tests.framework.PublicProxyMakerTest" name="testMakePublicSuperClassPackageMethod" time="0.016" />
    <testcase classname="mxunit.tests.framework.PublicProxyMakerTest" name="testMakePublicNonNamedArgs" time="0.016" />
    <testcase classname="mxunit.tests.framework.PublicProxyMakerTest" name="testMakePublicRequiredArgOnly" time="0.015" />
    <testcase classname="mxunit.tests.framework.PublicProxyMakerTest" name="testMakePublicVoid" time="0.016" />
    <testcase classname="mxunit.tests.framework.PublicProxyMakerTest" name="testMakePublicNoThirdArg" time="0.015" />
    <testcase classname="mxunit.tests.framework.PublicProxyMakerTest" name="testMakePublicNoReturnType" time="0.032" />
    <testcase classname="mxunit.tests.framework.PublicProxyMakerTest" name="testMakePublicObject" time="0" />
    <testcase classname="mxunit.tests.framework.PublicProxyMakerTest" name="testMakePublicSuperClassMethodWithSubclassWithNoFunctions" time="0.031" />
    <testcase classname="mxunit.tests.framework.PublicProxyMakerTest" name="testMakePublicMissingRequiredArg" time="0.016" />
    <testcase classname="mxunit.tests.framework.QueryTestResultTest" name="testGetQueryResults" time="0.094" />
    <testcase classname="mxunit.tests.framework.QueryTestResultTest" name="testMetaData" time="0.046" />
    <testcase classname="mxunit.tests.framework.RemoteFacadeObjectCacheTest" name="testPurgeSuitePool" time="0.016" />
    <testcase classname="mxunit.tests.framework.RemoteFacadeObjectCacheTest" name="testPurgeStaleTests" time="0" />
    <testcase classname="mxunit.tests.framework.RemoteFacadeObjectCacheTest" name="testEndTestRun" time="0.047" />
    <testcase classname="mxunit.tests.framework.RemoteFacadeObjectCacheTest" name="testStartTestRun" time="0.031" />
    <testcase classname="mxunit.tests.framework.RemoteFacadeObjectCacheTest" name="testGetObjectNotInCache" time="0" />
    <testcase classname="mxunit.tests.framework.RemoteFacadeObjectCacheTest" name="testGetObjectWhenCachePurged" time="0.047" />
    <testcase classname="mxunit.tests.framework.RemoteFacadeTest" name="testGetComponentMethods" time="0.047" />
    <testcase classname="mxunit.tests.framework.RemoteFacadeTest" name="testGetServerType" time="0.016" />
    <testcase classname="mxunit.tests.framework.RemoteFacadeTest" name="testPing" time="0" />
    <testcase classname="mxunit.tests.framework.RemoteFacadeTest" name="getFrameworkVersionShouldReturnVersion" time="0.031" />
    <testcase classname="mxunit.tests.framework.RemoteFacadeTest" name="testExecuteTestCaseWithComplexErrorTypeError" time="0.625" />
    <testcase classname="mxunit.tests.framework.RemoteFacadeTest" name="getFrameworkDateShouldReturnDateAndNotTime" time="0" />
    <testcase classname="mxunit.tests.framework.RemoteFacadeTest" name="testExecuteTestCase" time="0.156" />
    <testcase classname="mxunit.tests.framework.RemoteFacadeTest" name="testExecuteTestCaseWithFailure" time="0.11" />
    <testcase classname="mxunit.tests.framework.RemoteFacadeTest" name="startTestRunShouldReturnKey" time="0.015" />
    <testcase classname="mxunit.tests.framework.TagSoupTest" name="testTagSoup" time="0.484" />
    <testcase classname="mxunit.tests.framework.TestCaseExtendsTest" name="testThatCallToSuperReturnsCorrectString" time="0" />
    <testcase classname="mxunit.tests.framework.TestCaseExtendsTest" name="getOverwrittenAnnotationReturnsValueFromTestCaseUsingJustName" time="0" />
    <testcase classname="mxunit.tests.framework.TestCaseExtendsTest" name="testGetRunnableMethodsSimple" time="0" />
    <testcase classname="mxunit.tests.framework.TestCaseExtendsTest" name="getAnnotationReturnsValueFromTestCaseUsingMxunitNamespace" time="0" />
    <testcase classname="mxunit.tests.framework.TestCaseExtendsTest" name="testThatThisExtendsTestCaseTest" time="0.016" />
    <testcase classname="mxunit.tests.framework.TestCaseExtendsTest" name="getAnnotationReturnsValueFromTestCaseUsingJustName" time="0" />
    <testcase classname="mxunit.tests.framework.TestCaseTest" name="testGetRunnableMethodsInheritance" time="0.016" />
    <testcase classname="mxunit.tests.framework.TestCaseTest" name="cfthreadsInTestAreNotAcceptableTests" time="0" />
    <testcase classname="mxunit.tests.framework.TestCaseTest" name="getSomeValue" time="0" />
    <testcase classname="mxunit.tests.framework.TestCaseTest" name="testInjectMethodPassthroughSanityCheck" time="0" />
    <testcase classname="mxunit.tests.framework.TestCaseTest" name="setUpAndTearDownAreNotAcceptableTests" time="0.015" />
    <testcase classname="mxunit.tests.framework.TestCaseTest" name="testInjectMethodPassthrough" time="0" />
    <testcase classname="mxunit.tests.framework.TestCaseTest" name="getAnnotationReturnsValueFromTestCaseUsingMxunitNamespace" time="0" />
    <testcase classname="mxunit.tests.framework.TestCaseTest" name="testInjectMethodPassthroughOverwriteExistingButDifferentName" time="0" />
    <testcase classname="mxunit.tests.framework.TestCaseTest" name="dataproviderShouldAllowMXUnitNamespacedAnnotation" time="0" />
    <testcase classname="mxunit.tests.framework.TestCaseTest" name="$invokeBeforeTestsShouldSetSimpleValue" time="0" />
    <testcase classname="mxunit.tests.framework.TestCaseTest" name="testGetRunnableMethodsHyphenInName" time="0.032" />
    <testcase classname="mxunit.tests.framework.TestCaseTest" name="testWithJustNameAnnotation" time="0" />
    <testcase classname="mxunit.tests.framework.TestCaseTest" name="expectedExceptionWithMXUnitNamespaceShouldWork" time="0" />
    <testcase classname="mxunit.tests.framework.TestCaseTest" name="testMakePublicPassthroughSanityCheck" time="0" />
    <testcase classname="mxunit.tests.framework.TestCaseTest" name="getAnnotationReturnsValueUsingJustName" time="0.015" />
    <testcase classname="mxunit.tests.framework.TestCaseTest" name="getAnnotationReturnsValueUsingMxunitNamespace" time="0" />
    <testcase classname="mxunit.tests.framework.TestCaseTest" name="testInjectPropertyWorksForNonExistentMethods" time="0" />
    <testcase classname="mxunit.tests.framework.TestCaseTest" name="testInjectPropertyWorksForMethodsCalledIndirectly" time="0" />
    <testcase classname="mxunit.tests.framework.TestCaseTest" name="testInjectPropertyWithScope" time="0" />
    <testcase classname="mxunit.tests.framework.TestCaseTest" name="testWithNoAnnotation" time="0" />
    <testcase classname="mxunit.tests.framework.TestCaseTest" name="testInjectPropertyWorksForMethodsCalledDirectly" time="0" />
    <testcase classname="mxunit.tests.framework.TestCaseTest" name="publicFunctionsAreAcceptableTests" time="0.016" />
    <testcase classname="mxunit.tests.framework.TestCaseTest" name="testInjectMethodPassthroughOverwriteExisting" time="0" />
    <testcase classname="mxunit.tests.framework.TestCaseTest" name="testRestoreMethod" time="0" />
    <testcase classname="mxunit.tests.framework.TestCaseTest" name="testGetRunnableMethodsSimple" time="0.016" />
    <testcase classname="mxunit.tests.framework.TestCaseTest" name="getAnnotationReturnsDefaultValueIfNoAnnotationFound" time="0" />
    <testcase classname="mxunit.tests.framework.TestCaseTest" name="falseTestAttribute_IsNotAcceptableTest" time="0" />
    <testcase classname="mxunit.tests.framework.TestCaseTest" name="expectedExceptionWithJustNameShouldWork" time="0" />
    <testcase classname="mxunit.tests.framework.TestCaseTest" name="getAnnotationOnNonExistentMethodThrowsExectedException" time="0" />
    <testcase classname="mxunit.tests.framework.TestCaseTest" name="privateAndPackageAreNotAcceptableTests" time="0" />
    <testcase classname="mxunit.tests.framework.TestCaseTest" name="getAnnotationReturnsValueFromTestCaseUsingJustName" time="0" />
    <testcase classname="mxunit.tests.framework.TestCaseTest" name="testInjectPropertyAlreadyExists" time="0" />
    <testcase classname="mxunit.tests.framework.TestCaseTest" name="testMakePublicPassthrough" time="0.016" />
    <testcase classname="mxunit.tests.framework.TestCaseTest" name="dataproviderShouldAllowNameOnlyAnnotation" time="0" />
    <testcase classname="mxunit.tests.framework.TestCaseTest" name="testWithMxunitNamespaceAnnotation" time="0" />
    <testcase classname="mxunit.tests.framework.TestDecoratorTest" name="testDecoratorWrappingTest" time="0.016" />
    <testcase classname="mxunit.tests.framework.TestDecoratorTest" name="someTest" time="0" />
    <testcase classname="mxunit.tests.framework.TestResultTest" name="testSetPackage" time="0.093" />
    <testcase classname="mxunit.tests.framework.TestResultTest" name="testEndTest" time="0.047" />
    <testcase classname="mxunit.tests.framework.TestResultTest" name="testAddError" time="0.078" />
    <testcase classname="mxunit.tests.framework.TestResultTest" name="testGetResults" time="0.032" />
    <testcase classname="mxunit.tests.framework.TestResultTest" name="testGetPackage" time="0.047" />
    <testcase classname="mxunit.tests.framework.TestResultTest" name="testConstructTagContextElements" time="0.14" />
    <testcase classname="mxunit.tests.framework.TestResultTest" name="normalizeQueryStringShouldIgnoreComplexObjects" time="0.047" />
    <testcase classname="mxunit.tests.framework.TestResultTest" name="testAddTrace" time="0.063" />
    <testcase classname="mxunit.tests.framework.TestResultTest" name="testGetFailures" time="0.031" />
    <testcase classname="mxunit.tests.framework.TestResultTest" name="testGetResultsAsStruct" time="0.187" />
    <testcase classname="mxunit.tests.framework.TestResultTest" name="testAddContent" time="0.047" />
    <testcase classname="mxunit.tests.framework.TestResultTest" name="testAddSuccess" time="0.031" />
    <testcase classname="mxunit.tests.framework.TestResultTest" name="testGetQueryResults" time="0.079" />
    <testcase classname="mxunit.tests.framework.TestResultTest" name="testGetResultsOutput" time="0.046" />
    <testcase classname="mxunit.tests.framework.TestResultTest" name="testGetInstallRoot" time="0.047" />
    <testcase classname="mxunit.tests.framework.TestResultTest" name="testNormalizeQueryString" time="0.032" />
    <testcase classname="mxunit.tests.framework.TestResultTest" name="testStartTest" time="0.046" />
    <testcase classname="mxunit.tests.framework.TestResultTest" name="testGetSuccesses" time="0.047" />
    <testcase classname="mxunit.tests.framework.TestResultTest" name="testGetResultsAsStructMultipleComponents" time="0.219" />
    <testcase classname="mxunit.tests.framework.TestResultTest" name="testCloseResults" time="0.047" />
    <testcase classname="mxunit.tests.framework.TestResultTest" name="testTestResult" time="0.047" />
    <testcase classname="mxunit.tests.framework.TestResultTest" name="testSetDebug" time="0.031" />
    <testcase classname="mxunit.tests.framework.TestResultTest" name="testAddProcessingTime" time="0.046" />
    <testcase classname="mxunit.tests.framework.TestResultTest" name="testGetDebug" time="0.032" />
    <testcase classname="mxunit.tests.framework.TestResultTest" name="testAddFailure" time="0.047" />
    <testcase classname="mxunit.tests.framework.TestSuiteTest" name="testAdd" time="0.094" />
    <testcase classname="mxunit.tests.framework.TestSuiteTest" name="settingMockingFrameworkInTestSuiteUsesThatFramework" time="0.062" />
    <testcase classname="mxunit.tests.framework.TestSuiteTest" name="testGetMapReturnsMap" time="0.094" />
    <testcase classname="mxunit.tests.framework.TestSuiteTest" name="testRunSuiteRemote" time="0.078" />
    <testcase classname="mxunit.tests.framework.TestSuiteTest" name="testAddOneTestMethod" time="0.032" />
    <testcase classname="mxunit.tests.framework.TestTest" name="testRun" time="0.016" />
    <testcase classname="mxunit.tests.framework.TestTest" name="testTest" time="0" />
    <testcase classname="mxunit.tests.framework.VersionReaderTest" name="getVersionInfoShouldReturnStructWithBuildNumberAndDate" time="0" />
    <testcase classname="mxunit.tests.framework.XPathAssertionTest" name="testSSLUrl" time="1.171" />
    <testcase classname="mxunit.tests.framework.XPathAssertionTest" name="testFindTitleInUrl" time="1.032" />
    <testcase classname="mxunit.tests.framework.XPathAssertionTest" name="testFindNode1_WithPreBuiltXMLObject" time="0" />
    <testcase classname="mxunit.tests.framework.XPathAssertionTest" name="testWrapScriptTagInCDATA" time="0" />
    <testcase classname="mxunit.tests.framework.XPathAssertionTest" name="testFile" time="0" />
    <testcase classname="mxunit.tests.framework.XPathAssertionTest" name="testBuildXmlDom" time="1.813" />
    <testcase classname="mxunit.tests.framework.XPathAssertionTest" name="testFindNode2" time="0.109" />
    <testcase classname="mxunit.tests.framework.XPathAssertionTest" name="testFindNode1" time="0.063" />
    <testcase classname="mxunit.tests.framework.XPathAssertionTest" name="testIsWrapped" time="0" />
    <testcase classname="mxunit.tests.framework.XPathAssertionTest" name="testFindMXUnitInTitle" time="0.562" />
    <testcase classname="mxunit.tests.framework.XPathAssertionTest" name="testFindGoogleInTitle" time="0.422" />
    <testcase classname="mxunit.tests.framework.DynamicTestCaseGenerationTest" name="DynamicTestCaseGenerationTest" time="0">
      <error message="Template"><![CDATA[Invalid CFML construct found on line 3 at column 11. at C:\LORDAdmin\mxunit\tests\framework\DynamicTestCaseGenerationTest.cfc:3 at C:\LORDAdmin\mxunit\framework\TestSuite.cfc:108 at C:\LORDAdmin\mxunit\runner\DirectoryTestSuite.cfc:29 at C:\LORDAdmin\mxunit\runner\HttpAntRunner.cfc:27]]></error>
    </testcase>
  </testsuite>
  <testsuite errors="0" failures="0" hostname="10.10.10.197" id="1" name="runner" package="mxunit" tests="20" time="4.484" timestamp="01/04/12 3:03:57 PM">
    <properties>
[...]
</properties>
    <testcase classname="mxunit.tests.runner.DirectoryTestSuiteTest" name="testNormalizeDirectory" time="0.015" />
    <testcase classname="mxunit.tests.runner.DirectoryTestSuiteTest" name="testRunWithRelativeDirectoryShouldPass" time="0.266" />
    <testcase classname="mxunit.tests.runner.DirectoryTestSuiteTest" name="testExcludes" time="0.094" />
    <testcase classname="mxunit.tests.runner.DirectoryTestSuiteTest" name="componentWithParseErrorShouldBeInTestResult" time="0.078" />
    <testcase classname="mxunit.tests.runner.DirectoryTestSuiteTest" name="testRun" time="0.094" />
    <testcase classname="mxunit.tests.runner.DirectoryTestSuiteTest" name="testRunWithBadRelativeDirectoryShouldFail" time="0.015" />
    <testcase classname="mxunit.tests.runner.DirectoryTestSuiteTest" name="testAccept" time="0.016" />
    <testcase classname="mxunit.tests.runner.DirectoryTestSuiteTest" name="testAcceptExcludesCompoundDirectory" time="0.015" />
    <testcase classname="mxunit.tests.runner.DirectoryTestSuiteTest" name="testAcceptExcludesDirectory" time="0.016" />
    <testcase classname="mxunit.tests.runner.DirectoryTestSuiteTest" name="testGetTests" time="0.016" />
    <testcase classname="mxunit.tests.runner.DirectoryTestSuiteTest" name="getDirectoryQueryRecurseShouldRecurse" time="0.015" />
    <testcase classname="mxunit.tests.runner.DirectoryTestSuiteTest" name="testAcceptExcludes" time="0.016" />
    <testcase classname="mxunit.tests.runner.DirectoryTestSuiteTest" name="testAcceptExcludesCompoundFuzzy" time="0.016" />
    <testcase classname="mxunit.tests.runner.DirectoryTestSuiteTest" name="testGetComponentPath" time="3.218" />
    <testcase classname="mxunit.tests.runner.DirectoryTestSuiteTest" name="testGetDirectoryQuery" time="0.016" />
    <testcase classname="mxunit.tests.runner.DirectoryTestSuiteTest" name="testRunBadDirectory" time="0.016" />
    <testcase classname="mxunit.tests.runner.HTMLRunnerTest" name="testRunTestCase" time="0.344" />
    <testcase classname="mxunit.tests.runner.HTMLRunnerTest" name="testRunTestSuite" time="0" />
    <testcase classname="mxunit.tests.runner.HTMLRunnerTest" name="testRunDirectory" time="0" />
    <testcase classname="mxunit.tests.runner.HttpAntRunnerTest" name="testRun" time="0.171" />
  </testsuite>
  <testsuite errors="12" failures="13" hostname="10.10.10.197" id="2" name="plugintests" package="mxunit" tests="36" time="5.5" timestamp="01/04/12 3:04:03 PM">
    <properties>
[...]
</properties>
    <testcase classname="mxunit.PluginDemoTests.CompareDialogTest" name="simpleCompareDifferences" time="0">
      <failure message=":: Expected [aaaaaaa b aaaaaa] BUT RECEIVED [aaaaaaa d aaaaaa]. These values should be the same. "><![CDATA[:: Expected [aaaaaaa b aaaaaa] BUT RECEIVED [aaaaaaa d aaaaaa]. These values should be the same.  at C:\LORDAdmin\mxunit\framework\Assert.cfc:164 at C:\LORDAdmin\mxunit\framework\Assert.cfc:255 at C:\LORDAdmin\mxunit\PluginDemoTests\CompareDialogTest.cfc:13 at C:\LORDAdmin\mxunit\framework\TestCase.cfc:115 at C:\LORDAdmin\mxunit\framework\decorators\DataProviderDecorator.cfc:31 at C:\LORDAdmin\mxunit\framework\TestSuiteRunner.cfc:99 at C:\LORDAdmin\mxunit\framework\TestSuiteRunner.cfc:52 at C:\LORDAdmin\mxunit\framework\TestSuite.cfc:131 at C:\LORDAdmin\mxunit\runner\DirectoryTestSuite.cfc:37 at C:\LORDAdmin\mxunit\runner\HttpAntRunner.cfc:27]]></failure>
    </testcase>
    <testcase classname="mxunit.PluginDemoTests.CompareDialogTest" name="arrayCompareDifferencesComplex" time="0">
      <failure message="Expected arrays to match but did not. See debug output for a visual display of the differences. Data mismatch. . :: Expected [row 5: 6 row 9, struct compare result: keys unique to struct 1: keynotins2 structure path [ &quot;nested&quot; ][ &quot;somevalue&quot; ]: 5 structure path [ &quot;one&quot; ]: one row 10: d] BUT RECEIVED [row 5: 5 row 9, struct compare result: keys unique to struct 2: keynotins1 structure path [ &quot;nested&quot; ][ &quot;somevalue&quot; ]: 50000 structure path [ &quot;one&quot; ]: ona row 10: e]. These values should be the same. "><![CDATA[Expected arrays to match but did not. See debug output for a visual display of the differences. Data mismatch. . :: Expected [row 5: 6
row 9, struct compare result: keys unique to struct 1: keynotins2
structure path [ "nested" ][ "somevalue" ]: 5
structure path [ "one" ]: one
row 10: d] BUT RECEIVED [row 5: 5
row 9, struct compare result: keys unique to struct 2: keynotins1
structure path [ "nested" ][ "somevalue" ]: 50000
structure path [ "one" ]: ona
row 10: e]. These values should be the same.  at C:\LORDAdmin\mxunit\framework\Assert.cfc:164 at C:\LORDAdmin\mxunit\framework\Assert.cfc:255 at C:\LORDAdmin\mxunit\framework\Assert.cfc:346 at C:\LORDAdmin\mxunit\framework\Assert.cfc:242 at C:\LORDAdmin\mxunit\PluginDemoTests\CompareDialogTest.cfc:45 at C:\LORDAdmin\mxunit\framework\TestCase.cfc:115 at C:\LORDAdmin\mxunit\framework\decorators\DataProviderDecorator.cfc:31 at C:\LORDAdmin\mxunit\framework\TestSuiteRunner.cfc:99 at C:\LORDAdmin\mxunit\framework\TestSuiteRunner.cfc:52 at C:\LORDAdmin\mxunit\framework\TestSuite.cfc:131 at C:\LORDAdmin\mxunit\runner\DirectoryTestSuite.cfc:37 at C:\LORDAdmin\mxunit\runner\HttpAntRunner.cfc:27]]></failure>
    </testcase>
    <testcase classname="mxunit.PluginDemoTests.CompareDialogTest" name="structCompareDifferences" time="0.015">
      <failure message="Expected Structures to match but did not. See debug output for a visual display of the differences. Keys do not match.  :: Expected [keys unique to struct 1: keynotins2 structure path [ &quot;nested&quot; ][ &quot;somevalue&quot; ]: 5 structure path [ &quot;one&quot; ]: one] BUT RECEIVED [keys unique to struct 2: keynotins1 structure path [ &quot;nested&quot; ][ &quot;somevalue&quot; ]: 50000 structure path [ &quot;one&quot; ]: ona]. These values should be the same. "><![CDATA[Expected Structures to match but did not. See debug output for a visual display of the differences. Keys do not match.  :: Expected [keys unique to struct 1: keynotins2
structure path [ "nested" ][ "somevalue" ]: 5
structure path [ "one" ]: one] BUT RECEIVED [keys unique to struct 2: keynotins1
structure path [ "nested" ][ "somevalue" ]: 50000
structure path [ "one" ]: ona]. These values should be the same.  at C:\LORDAdmin\mxunit\framework\Assert.cfc:164 at C:\LORDAdmin\mxunit\framework\Assert.cfc:255 at C:\LORDAdmin\mxunit\framework\Assert.cfc:333 at C:\LORDAdmin\mxunit\PluginDemoTests\CompareDialogTest.cfc:23 at C:\LORDAdmin\mxunit\framework\TestCase.cfc:115 at C:\LORDAdmin\mxunit\framework\decorators\DataProviderDecorator.cfc:31 at C:\LORDAdmin\mxunit\framework\TestSuiteRunner.cfc:99 at C:\LORDAdmin\mxunit\framework\TestSuiteRunner.cfc:52 at C:\LORDAdmin\mxunit\framework\TestSuite.cfc:131 at C:\LORDAdmin\mxunit\runner\DirectoryTestSuite.cfc:37 at C:\LORDAdmin\mxunit\runner\HttpAntRunner.cfc:27]]></failure>
    </testcase>
    <testcase classname="mxunit.PluginDemoTests.CompareDialogTest" name="arrayCompareDifferences" time="0">
      <failure message="Expected arrays to match but did not. See debug output for a visual display of the differences. Data mismatch.  Array 2 was longer than array 1. . :: Expected [row 5: 5] BUT RECEIVED [row 5: 6 array 2 had 3 additional row(s)]. These values should be the same. "><![CDATA[Expected arrays to match but did not. See debug output for a visual display of the differences. Data mismatch.  Array 2 was longer than array 1. . :: Expected [row 5: 5] BUT RECEIVED [row 5: 6
array 2 had 3 additional row(s)]. These values should be the same.  at C:\LORDAdmin\mxunit\framework\Assert.cfc:164 at C:\LORDAdmin\mxunit\framework\Assert.cfc:255 at C:\LORDAdmin\mxunit\framework\Assert.cfc:346 at C:\LORDAdmin\mxunit\framework\Assert.cfc:242 at C:\LORDAdmin\mxunit\PluginDemoTests\CompareDialogTest.cfc:30 at C:\LORDAdmin\mxunit\framework\TestCase.cfc:115 at C:\LORDAdmin\mxunit\framework\decorators\DataProviderDecorator.cfc:31 at C:\LORDAdmin\mxunit\framework\TestSuiteRunner.cfc:99 at C:\LORDAdmin\mxunit\framework\TestSuiteRunner.cfc:52 at C:\LORDAdmin\mxunit\framework\TestSuite.cfc:131 at C:\LORDAdmin\mxunit\runner\DirectoryTestSuite.cfc:37 at C:\LORDAdmin\mxunit\runner\HttpAntRunner.cfc:27]]></failure>
    </testcase>
    <testcase classname="mxunit.PluginDemoTests.CompareDialogTest" name="queryCompareDifferences" time="0">
      <error message="Expression"><![CDATA[Cannot find CFML template for custom tag querysim. at C:\LORDAdmin\mxunit\PluginDemoTests\CompareDialogTest.cfc:54 at C:\LORDAdmin\mxunit\PluginDemoTests\CompareDialogTest.cfc:17 at C:\LORDAdmin\mxunit\framework\TestCase.cfc:115 at C:\LORDAdmin\mxunit\framework\decorators\DataProviderDecorator.cfc:31 at C:\LORDAdmin\mxunit\framework\TestSuiteRunner.cfc:99 at C:\LORDAdmin\mxunit\framework\TestSuiteRunner.cfc:52 at C:\LORDAdmin\mxunit\framework\TestSuite.cfc:131 at C:\LORDAdmin\mxunit\runner\DirectoryTestSuite.cfc:37 at C:\LORDAdmin\mxunit\runner\HttpAntRunner.cfc:27]]></error>
    </testcase>
    <testcase classname="mxunit.PluginDemoTests.CompareDialogTest" name="arrayCompareDifferences2" time="0.016">
      <failure message="Expected arrays to match but did not. See debug output for a visual display of the differences. Data mismatch.  Array 1 was longer than array 2. . :: Expected [row 5: 6 array 1 had 3 additional row(s)] BUT RECEIVED [row 5: 5]. These values should be the same. "><![CDATA[Expected arrays to match but did not. See debug output for a visual display of the differences. Data mismatch.  Array 1 was longer than array 2. . :: Expected [row 5: 6
array 1 had 3 additional row(s)] BUT RECEIVED [row 5: 5]. These values should be the same.  at C:\LORDAdmin\mxunit\framework\Assert.cfc:164 at C:\LORDAdmin\mxunit\framework\Assert.cfc:255 at C:\LORDAdmin\mxunit\framework\Assert.cfc:346 at C:\LORDAdmin\mxunit\framework\Assert.cfc:242 at C:\LORDAdmin\mxunit\PluginDemoTests\CompareDialogTest.cfc:37 at C:\LORDAdmin\mxunit\framework\TestCase.cfc:115 at C:\LORDAdmin\mxunit\framework\decorators\DataProviderDecorator.cfc:31 at C:\LORDAdmin\mxunit\framework\TestSuiteRunner.cfc:99 at C:\LORDAdmin\mxunit\framework\TestSuiteRunner.cfc:52 at C:\LORDAdmin\mxunit\framework\TestSuite.cfc:131 at C:\LORDAdmin\mxunit\runner\DirectoryTestSuite.cfc:37 at C:\LORDAdmin\mxunit\runner\HttpAntRunner.cfc:27]]></failure>
    </testcase>
    <testcase classname="mxunit.PluginDemoTests.ComplexExceptionTypeErrorTest" name="willThrowFunkyNonArrayException" time="0">
      <error message="class coldfusion.runtime.Struct"><![CDATA[Object of type class coldfusion.runtime.Struct cannot be used as an array at C:\LORDAdmin\mxunit\PluginDemoTests\ComplexExceptionTypeErrorTest.cfc:15 at C:\LORDAdmin\mxunit\framework\TestCase.cfc:115 at C:\LORDAdmin\mxunit\framework\decorators\DataProviderDecorator.cfc:31 at C:\LORDAdmin\mxunit\framework\TestSuiteRunner.cfc:99 at C:\LORDAdmin\mxunit\framework\TestSuiteRunner.cfc:52 at C:\LORDAdmin\mxunit\framework\TestSuite.cfc:131 at C:\LORDAdmin\mxunit\runner\DirectoryTestSuite.cfc:37 at C:\LORDAdmin\mxunit\runner\HttpAntRunner.cfc:27]]></error>
    </testcase>
    <testcase classname="mxunit.PluginDemoTests.DoubleMethodTest" name="testTwo" time="0.016" />
    <testcase classname="mxunit.PluginDemoTests.DoubleMethodTest" name="testOne" time="0.078" />
    <testcase classname="mxunit.PluginDemoTests.ExpectedExceptionTest" name="thisShouldFail_BecauseExpectedExceptionIsNotThrown" time="0">
      <failure message="hi mom!"><![CDATA[hi mom! at C:\LORDAdmin\mxunit\PluginDemoTests\ExpectedExceptionTest.cfc:5 at C:\LORDAdmin\mxunit\framework\TestCase.cfc:115 at C:\LORDAdmin\mxunit\framework\decorators\DataProviderDecorator.cfc:31 at C:\LORDAdmin\mxunit\framework\TestSuiteRunner.cfc:99 at C:\LORDAdmin\mxunit\framework\TestSuiteRunner.cfc:52 at C:\LORDAdmin\mxunit\framework\TestSuite.cfc:131 at C:\LORDAdmin\mxunit\runner\DirectoryTestSuite.cfc:37 at C:\LORDAdmin\mxunit\runner\HttpAntRunner.cfc:27]]></failure>
    </testcase>
    <testcase classname="mxunit.PluginDemoTests.FiveSecondTest" name="testThatWillTake5Seconds" time="5" />
    <testcase classname="mxunit.PluginDemoTests.HodgePodgeTest" name="testAssertTrueCFCUnitStyleFailure" time="0">
      <failure message="1 does not equal 2"><![CDATA[1 does not equal 2 at C:\LORDAdmin\mxunit\framework\Assert.cfc:143 at C:\LORDAdmin\mxunit\framework\Assert.cfc:362 at C:\LORDAdmin\mxunit\PluginDemoTests\HodgePodgeTest.cfc:121 at C:\LORDAdmin\mxunit\framework\TestCase.cfc:115 at C:\LORDAdmin\mxunit\framework\decorators\DataProviderDecorator.cfc:31 at C:\LORDAdmin\mxunit\framework\TestSuiteRunner.cfc:99 at C:\LORDAdmin\mxunit\framework\TestSuiteRunner.cfc:52 at C:\LORDAdmin\mxunit\framework\TestSuite.cfc:131 at C:\LORDAdmin\mxunit\runner\DirectoryTestSuite.cfc:37 at C:\LORDAdmin\mxunit\runner\HttpAntRunner.cfc:27]]></failure>
    </testcase>
    <testcase classname="mxunit.PluginDemoTests.HodgePodgeTest" name="testFail" time="0">
      <failure message="failing intentionally"><![CDATA[failing intentionally at C:\LORDAdmin\mxunit\framework\Assert.cfc:143 at C:\LORDAdmin\mxunit\PluginDemoTests\HodgePodgeTest.cfc:64 at C:\LORDAdmin\mxunit\framework\TestCase.cfc:115 at C:\LORDAdmin\mxunit\framework\decorators\DataProviderDecorator.cfc:31 at C:\LORDAdmin\mxunit\framework\TestSuiteRunner.cfc:99 at C:\LORDAdmin\mxunit\framework\TestSuiteRunner.cfc:52 at C:\LORDAdmin\mxunit\framework\TestSuite.cfc:131 at C:\LORDAdmin\mxunit\runner\DirectoryTestSuite.cfc:37 at C:\LORDAdmin\mxunit\runner\HttpAntRunner.cfc:27]]></failure>
    </testcase>
    <testcase classname="mxunit.PluginDemoTests.HodgePodgeTest" name="testAssertTrueCFCUnitStyle" time="0" />
    <testcase classname="mxunit.PluginDemoTests.HodgePodgeTest" name="testRequestDotDebug_WillShowUpWithoutDebugBeingCalledFirst" time="0.016">
      <error message="Object"><![CDATA[The debug method was not found. at C:\LORDAdmin\mxunit\PluginDemoTests\SomeObject.cfc:19 at C:\LORDAdmin\mxunit\PluginDemoTests\HodgePodgeTest.cfc:42 at C:\LORDAdmin\mxunit\framework\TestCase.cfc:115 at C:\LORDAdmin\mxunit\framework\decorators\DataProviderDecorator.cfc:31 at C:\LORDAdmin\mxunit\framework\TestSuiteRunner.cfc:99 at C:\LORDAdmin\mxunit\framework\TestSuiteRunner.cfc:52 at C:\LORDAdmin\mxunit\framework\TestSuite.cfc:131 at C:\LORDAdmin\mxunit\runner\DirectoryTestSuite.cfc:37 at C:\LORDAdmin\mxunit\runner\HttpAntRunner.cfc:27]]></error>
    </testcase>
    <testcase classname="mxunit.PluginDemoTests.HodgePodgeTest" name="testWithDebug" time="0" />
    <testcase classname="mxunit.PluginDemoTests.HodgePodgeTest" name="testAnotherError" time="0.015">
      <error message="Expression"><![CDATA[An error occured while Parsing an XML document. at C:\LORDAdmin\mxunit\framework\Formatters.cfc:14 at C:\LORDAdmin\mxunit\PluginDemoTests\HodgePodgeTest.cfc:84 at C:\LORDAdmin\mxunit\framework\TestCase.cfc:115 at C:\LORDAdmin\mxunit\framework\decorators\DataProviderDecorator.cfc:31 at C:\LORDAdmin\mxunit\framework\TestSuiteRunner.cfc:99 at C:\LORDAdmin\mxunit\framework\TestSuiteRunner.cfc:52 at C:\LORDAdmin\mxunit\framework\TestSuite.cfc:131 at C:\LORDAdmin\mxunit\runner\DirectoryTestSuite.cfc:37 at C:\LORDAdmin\mxunit\runner\HttpAntRunner.cfc:27]]></error>
    </testcase>
    <testcase classname="mxunit.PluginDemoTests.HodgePodgeTest" name="testAssertTrueOK" time="0" />
    <testcase classname="mxunit.PluginDemoTests.HodgePodgeTest" name="throwErrorFromComponentNotInWorkspace" time="0">
      <error message="Application"><![CDATA[Could not find the ColdFusion Component or Interface SomeComponent. at C:\LORDAdmin\mxunit\PluginDemoTests\HodgePodgeTest.cfc:78 at C:\LORDAdmin\mxunit\framework\TestCase.cfc:115 at C:\LORDAdmin\mxunit\framework\decorators\DataProviderDecorator.cfc:31 at C:\LORDAdmin\mxunit\framework\TestSuiteRunner.cfc:99 at C:\LORDAdmin\mxunit\framework\TestSuiteRunner.cfc:52 at C:\LORDAdmin\mxunit\framework\TestSuite.cfc:131 at C:\LORDAdmin\mxunit\runner\DirectoryTestSuite.cfc:37 at C:\LORDAdmin\mxunit\runner\HttpAntRunner.cfc:27]]></error>
    </testcase>
    <testcase classname="mxunit.PluginDemoTests.HodgePodgeTest" name="testRequestDotDebug" time="0.016">
      <error message="Object"><![CDATA[The debug method was not found. at C:\LORDAdmin\mxunit\PluginDemoTests\SomeObject.cfc:19 at C:\LORDAdmin\mxunit\PluginDemoTests\HodgePodgeTest.cfc:36 at C:\LORDAdmin\mxunit\framework\TestCase.cfc:115 at C:\LORDAdmin\mxunit\framework\decorators\DataProviderDecorator.cfc:31 at C:\LORDAdmin\mxunit\framework\TestSuiteRunner.cfc:99 at C:\LORDAdmin\mxunit\framework\TestSuiteRunner.cfc:52 at C:\LORDAdmin\mxunit\framework\TestSuite.cfc:131 at C:\LORDAdmin\mxunit\runner\DirectoryTestSuite.cfc:37 at C:\LORDAdmin\mxunit\runner\HttpAntRunner.cfc:27]]></error>
    </testcase>
    <testcase classname="mxunit.PluginDemoTests.HodgePodgeTest" name="testNotEquals" time="0">
      <failure message=":: Expected [hey nonny hey nonny hey nonny hey nonny hey nonny hey nonny hey nonny hey nonny hey nonny hey nonny ] BUT RECEIVED [hey ninny hey ninny hey ninny hey ninny hey ninny hey ninny hey ninny hey ninny hey ninny hey ninny ]. These values should be the same. "><![CDATA[:: Expected [hey nonny hey nonny hey nonny hey nonny hey nonny hey nonny hey nonny hey nonny hey nonny hey nonny ] BUT RECEIVED [hey ninny hey ninny hey ninny hey ninny hey ninny hey ninny hey ninny hey ninny hey ninny hey ninny ]. These values should be the same.  at C:\LORDAdmin\mxunit\framework\Assert.cfc:164 at C:\LORDAdmin\mxunit\framework\Assert.cfc:255 at C:\LORDAdmin\mxunit\PluginDemoTests\HodgePodgeTest.cfc:68 at C:\LORDAdmin\mxunit\framework\TestCase.cfc:115 at C:\LORDAdmin\mxunit\framework\decorators\DataProviderDecorator.cfc:31 at C:\LORDAdmin\mxunit\framework\TestSuiteRunner.cfc:99 at C:\LORDAdmin\mxunit\framework\TestSuiteRunner.cfc:52 at C:\LORDAdmin\mxunit\framework\TestSuite.cfc:131 at C:\LORDAdmin\mxunit\runner\DirectoryTestSuite.cfc:37 at C:\LORDAdmin\mxunit\runner\HttpAntRunner.cfc:27]]></failure>
    </testcase>
    <testcase classname="mxunit.PluginDemoTests.HodgePodgeTest" name="testRequestDotDebug_WillPassInBothPluginAndWeb" time="0" />
    <testcase classname="mxunit.PluginDemoTests.HodgePodgeTest" name="testDoSomething" time="0">
      <error message="Application"><![CDATA[you ain't gonna see that struct at C:\LORDAdmin\mxunit\PluginDemoTests\SomeObject.cfc:7 at C:\LORDAdmin\mxunit\PluginDemoTests\HodgePodgeTest.cfc:30 at C:\LORDAdmin\mxunit\framework\TestCase.cfc:115 at C:\LORDAdmin\mxunit\framework\decorators\DataProviderDecorator.cfc:31 at C:\LORDAdmin\mxunit\framework\TestSuiteRunner.cfc:99 at C:\LORDAdmin\mxunit\framework\TestSuiteRunner.cfc:52 at C:\LORDAdmin\mxunit\framework\TestSuite.cfc:131 at C:\LORDAdmin\mxunit\runner\DirectoryTestSuite.cfc:37 at C:\LORDAdmin\mxunit\runner\HttpAntRunner.cfc:27]]></error>
    </testcase>
    <testcase classname="mxunit.PluginDemoTests.HodgePodgeTest" name="testAssertTrueCFUnitStyleFailure" time="0">
      <failure message="false ain&apos;t true, sucka"><![CDATA[false ain't true, sucka at C:\LORDAdmin\mxunit\framework\Assert.cfc:143 at C:\LORDAdmin\mxunit\framework\Assert.cfc:362 at C:\LORDAdmin\mxunit\PluginDemoTests\HodgePodgeTest.cfc:126 at C:\LORDAdmin\mxunit\framework\TestCase.cfc:115 at C:\LORDAdmin\mxunit\framework\decorators\DataProviderDecorator.cfc:31 at C:\LORDAdmin\mxunit\framework\TestSuiteRunner.cfc:99 at C:\LORDAdmin\mxunit\framework\TestSuiteRunner.cfc:52 at C:\LORDAdmin\mxunit\framework\TestSuite.cfc:131 at C:\LORDAdmin\mxunit\runner\DirectoryTestSuite.cfc:37 at C:\LORDAdmin\mxunit\runner\HttpAntRunner.cfc:27]]></failure>
    </testcase>
    <testcase classname="mxunit.PluginDemoTests.HodgePodgeTest" name="testAssertTrueFailingWithoutMessage" time="0">
      <failure message="mxunit test failure"><![CDATA[mxunit test failure at C:\LORDAdmin\mxunit\framework\Assert.cfc:143 at C:\LORDAdmin\mxunit\framework\Assert.cfc:362 at C:\LORDAdmin\mxunit\PluginDemoTests\HodgePodgeTest.cfc:106 at C:\LORDAdmin\mxunit\framework\TestCase.cfc:115 at C:\LORDAdmin\mxunit\framework\decorators\DataProviderDecorator.cfc:31 at C:\LORDAdmin\mxunit\framework\TestSuiteRunner.cfc:99 at C:\LORDAdmin\mxunit\framework\TestSuiteRunner.cfc:52 at C:\LORDAdmin\mxunit\framework\TestSuite.cfc:131 at C:\LORDAdmin\mxunit\runner\DirectoryTestSuite.cfc:37 at C:\LORDAdmin\mxunit\runner\HttpAntRunner.cfc:27]]></failure>
    </testcase>
    <testcase classname="mxunit.PluginDemoTests.HodgePodgeTest" name="testOK" time="0.016" />
    <testcase classname="mxunit.PluginDemoTests.HodgePodgeTest" name="testDoSomethingThenExitToGetDump" time="0" />
    <testcase classname="mxunit.PluginDemoTests.HodgePodgeTest" name="testAssertTrueFailing" time="0">
      <failure message="this should fail because one equals two is not true"><![CDATA[this should fail because one equals two is not true at C:\LORDAdmin\mxunit\framework\Assert.cfc:143 at C:\LORDAdmin\mxunit\framework\Assert.cfc:362 at C:\LORDAdmin\mxunit\PluginDemoTests\HodgePodgeTest.cfc:102 at C:\LORDAdmin\mxunit\framework\TestCase.cfc:115 at C:\LORDAdmin\mxunit\framework\decorators\DataProviderDecorator.cfc:31 at C:\LORDAdmin\mxunit\framework\TestSuiteRunner.cfc:99 at C:\LORDAdmin\mxunit\framework\TestSuiteRunner.cfc:52 at C:\LORDAdmin\mxunit\framework\TestSuite.cfc:131 at C:\LORDAdmin\mxunit\runner\DirectoryTestSuite.cfc:37 at C:\LORDAdmin\mxunit\runner\HttpAntRunner.cfc:27]]></failure>
    </testcase>
    <testcase classname="mxunit.PluginDemoTests.HodgePodgeTest" name="testError" time="0.015">
      <error message="Application"><![CDATA[throwing error intentially at C:\LORDAdmin\mxunit\PluginDemoTests\HodgePodgeTest.cfc:74 at C:\LORDAdmin\mxunit\framework\TestCase.cfc:115 at C:\LORDAdmin\mxunit\framework\decorators\DataProviderDecorator.cfc:31 at C:\LORDAdmin\mxunit\framework\TestSuiteRunner.cfc:99 at C:\LORDAdmin\mxunit\framework\TestSuiteRunner.cfc:52 at C:\LORDAdmin\mxunit\framework\TestSuite.cfc:131 at C:\LORDAdmin\mxunit\runner\DirectoryTestSuite.cfc:37 at C:\LORDAdmin\mxunit\runner\HttpAntRunner.cfc:27]]></error>
    </testcase>
    <testcase classname="mxunit.PluginDemoTests.PrivateMethodTest" name="testPrivateDirectly" time="0.016">
      <error message="Application"><![CDATA[The method somePrivateMethod was not found in component mxunit.pluginDemoTests.PrivateMethodTest. at C:\LORDAdmin\mxunit\PluginDemoTests\PrivateMethodTest.cfc:12 at C:\LORDAdmin\mxunit\framework\TestCase.cfc:115 at C:\LORDAdmin\mxunit\framework\decorators\DataProviderDecorator.cfc:31 at C:\LORDAdmin\mxunit\framework\TestSuiteRunner.cfc:99 at C:\LORDAdmin\mxunit\framework\TestSuiteRunner.cfc:52 at C:\LORDAdmin\mxunit\framework\TestSuite.cfc:131 at C:\LORDAdmin\mxunit\runner\DirectoryTestSuite.cfc:37 at C:\LORDAdmin\mxunit\runner\HttpAntRunner.cfc:27]]></error>
    </testcase>
    <testcase classname="mxunit.PluginDemoTests.PrivateMethodTest" name="testPrivateAndLookNoError" time="0.031" />
    <testcase classname="mxunit.PluginDemoTests.SingleFailureTest" name="testFail" time="0">
      <failure message="failing intentionally"><![CDATA[failing intentionally at C:\LORDAdmin\mxunit\framework\Assert.cfc:143 at C:\LORDAdmin\mxunit\PluginDemoTests\SingleFailureTest.cfc:6 at C:\LORDAdmin\mxunit\framework\TestCase.cfc:115 at C:\LORDAdmin\mxunit\framework\decorators\DataProviderDecorator.cfc:31 at C:\LORDAdmin\mxunit\framework\TestSuiteRunner.cfc:99 at C:\LORDAdmin\mxunit\framework\TestSuiteRunner.cfc:52 at C:\LORDAdmin\mxunit\framework\TestSuite.cfc:131 at C:\LORDAdmin\mxunit\runner\DirectoryTestSuite.cfc:37 at C:\LORDAdmin\mxunit\runner\HttpAntRunner.cfc:27]]></failure>
    </testcase>
    <testcase classname="mxunit.PluginDemoTests.SingleMethodTest" name="testOne" time="0" />
    <testcase classname="mxunit.PluginDemoTests.ThrowsAnErrorTest" name="testError" time="0">
      <error message="Application"><![CDATA[This error is intentional at C:\LORDAdmin\mxunit\PluginDemoTests\ThrowsAnErrorTest.cfc:11 at C:\LORDAdmin\mxunit\framework\TestCase.cfc:115 at C:\LORDAdmin\mxunit\framework\decorators\DataProviderDecorator.cfc:31 at C:\LORDAdmin\mxunit\framework\TestSuiteRunner.cfc:99 at C:\LORDAdmin\mxunit\framework\TestSuiteRunner.cfc:52 at C:\LORDAdmin\mxunit\framework\TestSuite.cfc:131 at C:\LORDAdmin\mxunit\runner\DirectoryTestSuite.cfc:37 at C:\LORDAdmin\mxunit\runner\HttpAntRunner.cfc:27]]></error>
    </testcase>
    <testcase classname="mxunit.PluginDemoTests.CFScriptExpectedExceptionTest" name="CFScriptExpectedExceptionTest" time="0">
      <error message="Application"><![CDATA[The method TestCase was not found in component mxunit.pluginDemoTests.CFScriptExpectedExceptionTest. at C:\LORDAdmin\mxunit\framework\TestSuite.cfc:108 at C:\LORDAdmin\mxunit\runner\DirectoryTestSuite.cfc:29 at C:\LORDAdmin\mxunit\runner\HttpAntRunner.cfc:27]]></error>
    </testcase>
    <testcase classname="mxunit.PluginDemoTests.InvalidMarkupTest" name="InvalidMarkupTest" time="0">
      <error message="Template"><![CDATA[Invalid CFML construct found on line 12 at column 9. at C:\LORDAdmin\mxunit\PluginDemoTests\InvalidMarkupTest.cfc:12 at C:\LORDAdmin\mxunit\framework\TestSuite.cfc:108 at C:\LORDAdmin\mxunit\runner\DirectoryTestSuite.cfc:29 at C:\LORDAdmin\mxunit\runner\HttpAntRunner.cfc:27]]></error>
    </testcase>
  </testsuite>
  <testsuite errors="0" failures="0" hostname="10.10.10.197" id="3" name="asserttests" package="mxunit" tests="47" time="0.5" timestamp="01/04/12 3:03:35 PM">
    <properties>
[...]
</properties>
    <testcase classname="mxunit.tests.framework.AssertTest" name="testNormalizeArgumentsCFUnitTrue" time="0.078" />
    <testcase classname="mxunit.tests.framework.AssertTest" name="testAssertEqualsCFUnitFailure" time="0.016" />
    <testcase classname="mxunit.tests.framework.AssertTest" name="testNormalizeArgumentsDefaultXMLDoc" time="0" />
    <testcase classname="mxunit.tests.framework.AssertTest" name="testFailNotEquals" time="0" />
    <testcase classname="mxunit.tests.framework.AssertTest" name="assertEquals_fails_for_longer_expected_array" time="0.015" />
    <testcase classname="mxunit.tests.framework.AssertTest" name="testAssertFailures" time="0" />
    <testcase classname="mxunit.tests.framework.AssertTest" name="testAssertEqualsCaseShouldPassOnSameStrings" time="0.016" />
    <testcase classname="mxunit.tests.framework.AssertTest" name="testAssertEqualsNumbersFailures" time="0.016" />
    <testcase classname="mxunit.tests.framework.AssertTest" name="whenAssertEqualsPassesExpectedAndActualValuesShouldBeEmpty" time="0" />
    <testcase classname="mxunit.tests.framework.AssertTest" name="testNormalizeArgumentsCFUnitEquals" time="0" />
    <testcase classname="mxunit.tests.framework.AssertTest" name="assertEquals_passes_for_array_with_matching_arrays" time="0.015" />
    <testcase classname="mxunit.tests.framework.AssertTest" name="testFailEqualsCFUnit" time="0" />
    <testcase classname="mxunit.tests.framework.AssertTest" name="testAssertEqualsCaseShouldFailOnDifferentCasedStrings" time="0" />
    <testcase classname="mxunit.tests.framework.AssertTest" name="whenAssertEqualsFailsForStringsExpectedAndActualValuesShouldBePopulated" time="0.016" />
    <testcase classname="mxunit.tests.framework.AssertTest" name="testFailEquals" time="0" />
    <testcase classname="mxunit.tests.framework.AssertTest" name="assertQueryEquals_fails_for_mismatching_queries" time="0.047" />
    <testcase classname="mxunit.tests.framework.AssertTest" name="testAssertEqualsStructsDeepComparison" time="0.078" />
    <testcase classname="mxunit.tests.framework.AssertTest" name="assertEquals_passes_for_matching_arrays" time="0.016" />
    <testcase classname="mxunit.tests.framework.AssertTest" name="assertStructEquals_fails_for_mismatching_simple_structs" time="0" />
    <testcase classname="mxunit.tests.framework.AssertTest" name="assertEquals_passes_for_array_with_matching_structs" time="0" />
    <testcase classname="mxunit.tests.framework.AssertTest" name="testAssertEqualsStringsFailures" time="0.015" />
    <testcase classname="mxunit.tests.framework.AssertTest" name="testAssertTrue" time="0" />
    <testcase classname="mxunit.tests.framework.AssertTest" name="assertStructEquals_succeeds_for_matching_nested_structs_with_different_key_case" time="0" />
    <testcase classname="mxunit.tests.framework.AssertTest" name="testNormalizeArgumentsDefaultEmptyArray" time="0.016" />
    <testcase classname="mxunit.tests.framework.AssertTest" name="assertEquals_fails_for_array_with_mismatching_arrays" time="0" />
    <testcase classname="mxunit.tests.framework.AssertTest" name="assertEquals_passes_for_array_with_matching_queries" time="0" />
    <testcase classname="mxunit.tests.framework.AssertTest" name="testAssertEqualsNumbers" time="0" />
    <testcase classname="mxunit.tests.framework.AssertTest" name="testAssertFalseFailure" time="0.015" />
    <testcase classname="mxunit.tests.framework.AssertTest" name="testDoubleHashError" time="0.016" />
    <testcase classname="mxunit.tests.framework.AssertTest" name="assertEquals_fails_for_longer_actual_array" time="0" />
    <testcase classname="mxunit.tests.framework.AssertTest" name="assertEquals_fails_for_array_with_mismatching_structs" time="0" />
    <testcase classname="mxunit.tests.framework.AssertTest" name="testFailure" time="0" />
    <testcase classname="mxunit.tests.framework.AssertTest" name="testNormalizeArgumentsDefaultTrue" time="0" />
    <testcase classname="mxunit.tests.framework.AssertTest" name="assertEquals_fails_for_array_with_mismatching_queries" time="0.016" />
    <testcase classname="mxunit.tests.framework.AssertTest" name="assertQueryEquals_succeeds_for_equal_queries" time="0.015" />
    <testcase classname="mxunit.tests.framework.AssertTest" name="testAssertEqualsStructsFailures" time="0.016" />
    <testcase classname="mxunit.tests.framework.AssertTest" name="testFailNotEqualsCFUnit" time="0" />
    <testcase classname="mxunit.tests.framework.AssertTest" name="testGetStringValue" time="0.016" />
    <testcase classname="mxunit.tests.framework.AssertTest" name="testAssert" time="0" />
    <testcase classname="mxunit.tests.framework.AssertTest" name="failNotEqualsShouldAllowInvalidXMLCharsInActual" time="0" />
    <testcase classname="mxunit.tests.framework.AssertTest" name="testAssertEqualsStructs" time="0.015" />
    <testcase classname="mxunit.tests.framework.AssertTest" name="assertStructEquals_succeeds_for_matching_nested_structs" time="0" />
    <testcase classname="mxunit.tests.framework.AssertTest" name="testNormalizeArgumentsDefaultEquals" time="0" />
    <testcase classname="mxunit.tests.framework.AssertTest" name="testAssertFalse" time="0" />
    <testcase classname="mxunit.tests.framework.AssertTest" name="testAssertEquals" time="0.016" />
    <testcase classname="mxunit.tests.framework.AssertTest" name="testAssertEqualsStrings" time="0" />
    <testcase classname="mxunit.tests.framework.AssertTest" name="assertStructEquals_fails_for_mismatching_nested_structs" time="0" />
  </testsuite>
  <testsuite errors="0" failures="0" hostname="10.10.10.197" id="4" name="assertdecoratortests" package="mxunit" tests="5" time="0.125" timestamp="01/04/12 3:03:36 PM">
    <properties>
[...]
</properties>
    <testcase classname="mxunit.tests.framework.AssertDecoratorTest" name="testAddHamcrestDecorator" time="0" />
    <testcase classname="mxunit.tests.framework.AssertDecoratorTest" name="testaddAssertDecorators" time="0.016" />
    <testcase classname="mxunit.tests.framework.AssertDecoratorTest" name="testMXUnitExtensionsAdded" time="0.015" />
    <testcase classname="mxunit.tests.framework.AssertDecoratorTest" name="testAddFixtureDecorator" time="0.016" />
    <testcase classname="mxunit.tests.framework.AssertDecoratorTest" name="testAddAssertionExtensionTemplate" time="0.031" />
  </testsuite>
</testsuites>
