<testsuite name="webadmin.tests" hostname="10.10.10.197" tests="5" failures="0" errors="0" timestamp="01/10/12 8:53:03 AM" time="0.047"><properties>
[...]
</properties><testcase classname="test.table.testTable" name="testAddMultiple" time="0"></testcase><testcase classname="test.table.testTable" name="testAdd" time="0.016"></testcase><testcase classname="test.table.testTable" name="testMultipleControls" time="0"></testcase><testcase classname="test.table.testTable" name="testWrite" time="0"></testcase><testcase classname="test.table.testTable" name="testNew" time="0"></testcase></testsuite> 